2025-09-14 10:44:38 [INFO] Newsletter run started: twitter platform
2025-09-14 10:44:38 [INFO] Command: --platform=twitter --send --no-db --window 4 --to wmichael.cs@gmail.com
2025-09-14 10:44:38 [INFO] Processing 4 Twitter account list(s)...
2025-09-14 10:44:38 [INFO] Processing teortaxestex
2025-09-14 10:44:38 [INFO] Fetching feed for @teortaxestex...
2025-09-14 10:44:38 [INFO] Fetching RSS pages until we find non-retweet older than 4h cutoff...
2025-09-14 10:44:40 [INFO] Found non-retweet from 2025-09-14 07:03 (older than cutoff), stopping pagination
2025-09-14 10:44:40 [INFO] Completed after 1 page(s), found 10 tweets within 4h window
2025-09-14 10:44:40 [INFO] Fetching quoted tweet content from http://10.8.0.1:8080/SustainableSlop/status/1967248448245153889#m
2025-09-14 10:44:41 [INFO] Fetching quoted tweet content from http://10.8.0.1:8080/ruima/status/1967247520285020207#m
2025-09-14 10:44:43 [INFO] Uploaded teortaxestex_1967233337954914816_m_1.jpg to image server: https://burger-nation.freemyip.com:4611/2025-09-14/teortaxestex_1967233337954914816_m_1.jpg
2025-09-14 10:44:43 [INFO] Fetching quoted tweet content from http://10.8.0.1:8080/ErikKaiser/status/1967231555342041409#m
2025-09-14 10:44:45 [INFO] Fetching quoted tweet content from http://10.8.0.1:8080/teortaxesTex/status/1967077466310406545#m
2025-09-14 10:44:46 [INFO] Fetching quoted tweet content from http://10.8.0.1:8080/Saboo_Shubham_/status/1966912522663194934#m
2025-09-14 10:44:48 [INFO] Uploaded teortaxestex_1967239667688112369_m_quote_1.webp to image server: https://burger-nation.freemyip.com:4611/2025-09-14/teortaxestex_1967239667688112369_m_quote_1.webp
2025-09-14 10:44:48 [INFO] Fetching quoted tweet content from http://10.8.0.1:8080/edude03/status/1967102575616159770#m
2025-09-14 10:44:50 [INFO] Found 10 new posts from @teortaxestex
2025-09-14 10:44:50 [INFO] Downloading profile pictures for 6 unique authors...
2025-09-14 10:44:52 [INFO] Uploaded ruima_profile_20250914_104438.jpg to image server: https://burger-nation.freemyip.com:4611/2025-09-14/ruima_profile_20250914_104438.jpg
2025-09-14 10:44:52 [INFO] Downloaded profile picture for @ruima
2025-09-14 10:44:52 [INFO] Successfully downloaded and stored profile picture for @ruima
2025-09-14 10:44:53 [INFO] Uploaded teortaxesTex_profile_20250914_104438.jpg to image server: https://burger-nation.freemyip.com:4611/2025-09-14/teortaxesTex_profile_20250914_104438.jpg
2025-09-14 10:44:53 [INFO] Downloaded profile picture for @teortaxesTex
2025-09-14 10:44:53 [INFO] Successfully downloaded and stored profile picture for @teortaxesTex
2025-09-14 10:44:55 [INFO] Uploaded Saboo_Shubham__profile_20250914_104438.jpg to image server: https://burger-nation.freemyip.com:4611/2025-09-14/Saboo_Shubham__profile_20250914_104438.jpg
2025-09-14 10:44:55 [INFO] Downloaded profile picture for @Saboo_Shubham_
2025-09-14 10:44:55 [INFO] Successfully downloaded and stored profile picture for @Saboo_Shubham_
2025-09-14 10:44:56 [INFO] Uploaded teortaxestex_profile_20250914_104438.jpg to image server: https://burger-nation.freemyip.com:4611/2025-09-14/teortaxestex_profile_20250914_104438.jpg
2025-09-14 10:44:56 [INFO] Downloaded profile picture for @teortaxestex
2025-09-14 10:44:56 [INFO] Successfully downloaded and stored profile picture for @teortaxestex
2025-09-14 10:44:58 [INFO] Uploaded zephyr_z9_profile_20250914_104438.jpg to image server: https://burger-nation.freemyip.com:4611/2025-09-14/zephyr_z9_profile_20250914_104438.jpg
2025-09-14 10:44:58 [INFO] Downloaded profile picture for @zephyr_z9
2025-09-14 10:44:58 [INFO] Successfully downloaded and stored profile picture for @zephyr_z9
2025-09-14 10:45:00 [INFO] Uploaded Molson_Hart_profile_20250914_104438.jpg to image server: https://burger-nation.freemyip.com:4611/2025-09-14/Molson_Hart_profile_20250914_104438.jpg
2025-09-14 10:45:00 [INFO] Downloaded profile picture for @Molson_Hart
2025-09-14 10:45:00 [INFO] Successfully downloaded and stored profile picture for @Molson_Hart
2025-09-14 10:45:02 [INFO] Email sent successfully to wmichael.cs@gmail.com
2025-09-14 10:45:02 [INFO] teortaxestex newsletter sent with 10 posts!
2025-09-14 10:45:02 [INFO] Processing zephyr_z9
2025-09-14 10:45:02 [INFO] Fetching feed for @zephyr_z9...
2025-09-14 10:45:02 [INFO] Fetching RSS pages until we find non-retweet older than 4h cutoff...
2025-09-14 10:45:04 [INFO] Found non-retweet from 2025-09-14 12:40 (older than cutoff), stopping pagination
2025-09-14 10:45:04 [INFO] Completed after 1 page(s), found 8 tweets within 4h window
2025-09-14 10:45:04 [INFO] Uploaded zephyr_z9_1967281087547346970_m_1.jpg to image server: https://burger-nation.freemyip.com:4611/2025-09-14/zephyr_z9_1967281087547346970_m_1.jpg
2025-09-14 10:45:04 [INFO] Uploaded zephyr_z9_1967252103363178932_m_1.jpg to image server: https://burger-nation.freemyip.com:4611/2025-09-14/zephyr_z9_1967252103363178932_m_1.jpg
2025-09-14 10:45:04 [INFO] Fetching quoted tweet content from http://10.8.0.1:8080/basedjensen/status/1967252325682250024#m
2025-09-14 10:45:05 [INFO] Uploaded zephyr_z9_1967253711157346612_m_quote_1.webp to image server: https://burger-nation.freemyip.com:4611/2025-09-14/zephyr_z9_1967253711157346612_m_quote_1.webp
2025-09-14 10:45:06 [INFO] Fetching quoted tweet content from http://10.8.0.1:8080/zephyr_z9/status/1967245492297113925#m
2025-09-14 10:45:08 [INFO] Fetching quoted tweet content from http://10.8.0.1:8080/georgejrjrjr/status/1967243375561859557#m
2025-09-14 10:45:09 [INFO] Fetching quoted tweet content from http://10.8.0.1:8080/Sino_Market/status/1967228960150089921#m
2025-09-14 10:45:10 [INFO] Found 8 new posts from @zephyr_z9
2025-09-14 10:45:11 [INFO] Downloading profile pictures for 5 unique authors...
2025-09-14 10:45:12 [INFO] Uploaded georgejrjrjr_profile_20250914_104438.jpg to image server: https://burger-nation.freemyip.com:4611/2025-09-14/georgejrjrjr_profile_20250914_104438.jpg
2025-09-14 10:45:12 [INFO] Downloaded profile picture for @georgejrjrjr
2025-09-14 10:45:12 [INFO] Successfully downloaded and stored profile picture for @georgejrjrjr
2025-09-14 10:45:14 [INFO] Uploaded basedjensen_profile_20250914_104438.jpg to image server: https://burger-nation.freemyip.com:4611/2025-09-14/basedjensen_profile_20250914_104438.jpg
2025-09-14 10:45:14 [INFO] Downloaded profile picture for @basedjensen
2025-09-14 10:45:14 [INFO] Successfully downloaded and stored profile picture for @basedjensen
2025-09-14 10:45:15 [INFO] Uploaded zephyr_z9_profile_20250914_104438.jpg to image server: https://burger-nation.freemyip.com:4611/2025-09-14/zephyr_z9_profile_20250914_104438.jpg
2025-09-14 10:45:15 [INFO] Downloaded profile picture for @zephyr_z9
2025-09-14 10:45:15 [INFO] Successfully downloaded and stored profile picture for @zephyr_z9
2025-09-14 10:45:17 [INFO] Uploaded xlr8harder_profile_20250914_104438.jpg to image server: https://burger-nation.freemyip.com:4611/2025-09-14/xlr8harder_profile_20250914_104438.jpg
2025-09-14 10:45:17 [INFO] Downloaded profile picture for @xlr8harder
2025-09-14 10:45:17 [INFO] Successfully downloaded and stored profile picture for @xlr8harder
2025-09-14 10:45:18 [INFO] Uploaded Sino_Market_profile_20250914_104438.jpg to image server: https://burger-nation.freemyip.com:4611/2025-09-14/Sino_Market_profile_20250914_104438.jpg
2025-09-14 10:45:18 [INFO] Downloaded profile picture for @Sino_Market
2025-09-14 10:45:18 [INFO] Successfully downloaded and stored profile picture for @Sino_Market
2025-09-14 10:45:20 [INFO] Email sent successfully to wmichael.cs@gmail.com
2025-09-14 10:45:20 [INFO] zephyr_z9 newsletter sent with 8 posts!
2025-09-14 10:45:20 [INFO] Processing spandrell4
2025-09-14 10:45:20 [INFO] Fetching feed for @spandrell4...
2025-09-14 10:45:20 [INFO] Fetching RSS pages until we find non-retweet older than 4h cutoff...
2025-09-14 10:45:21 [INFO] Found non-retweet from 2025-09-14 13:25 (older than cutoff), stopping pagination
2025-09-14 10:45:21 [INFO] Completed after 1 page(s), found 5 tweets within 4h window
2025-09-14 10:45:21 [INFO] Fetching quoted tweet content from http://10.8.0.1:8080/arctotherium42/status/1967241792488898614#m
2025-09-14 10:45:22 [INFO] Uploaded spandrell4_1967281196280467531_m_quote_1.webp to image server: https://burger-nation.freemyip.com:4611/2025-09-14/spandrell4_1967281196280467531_m_quote_1.webp
2025-09-14 10:45:22 [INFO] Uploaded spandrell4_1967281196280467531_m_quote_2.webp to image server: https://burger-nation.freemyip.com:4611/2025-09-14/spandrell4_1967281196280467531_m_quote_2.webp
2025-09-14 10:45:23 [INFO] Uploaded spandrell4_1967281196280467531_m_quote_3.webp to image server: https://burger-nation.freemyip.com:4611/2025-09-14/spandrell4_1967281196280467531_m_quote_3.webp
2025-09-14 10:45:23 [INFO] Found 5 new posts from @spandrell4
2025-09-14 10:45:24 [INFO] Downloading profile pictures for 2 unique authors...
2025-09-14 10:45:24 [INFO] Uploaded spandrell4_profile_20250914_104438.jpg to image server: https://burger-nation.freemyip.com:4611/2025-09-14/spandrell4_profile_20250914_104438.jpg
2025-09-14 10:45:24 [INFO] Downloaded profile picture for @spandrell4
2025-09-14 10:45:24 [INFO] Successfully downloaded and stored profile picture for @spandrell4
2025-09-14 10:45:26 [INFO] Uploaded arctotherium42_profile_20250914_104438.jpg to image server: https://burger-nation.freemyip.com:4611/2025-09-14/arctotherium42_profile_20250914_104438.jpg
2025-09-14 10:45:26 [INFO] Downloaded profile picture for @arctotherium42
2025-09-14 10:45:26 [INFO] Successfully downloaded and stored profile picture for @arctotherium42
2025-09-14 10:45:28 [INFO] Email sent successfully to wmichael.cs@gmail.com
2025-09-14 10:45:28 [INFO] spandrell4 newsletter sent with 5 posts!
2025-09-14 10:45:28 [INFO] Processing LindyMan
2025-09-14 10:45:28 [INFO] Fetching feed for @paulskallas...
2025-09-14 10:45:28 [INFO] Fetching RSS pages until we find non-retweet older than 4h cutoff...
2025-09-14 10:45:29 [INFO] Found non-retweet from 2025-09-14 11:15 (older than cutoff), stopping pagination
2025-09-14 10:45:29 [INFO] Completed after 1 page(s), found 1 tweets within 4h window
2025-09-14 10:45:29 [INFO] Found 1 new posts from @paulskallas
2025-09-14 10:45:30 [INFO] Downloading profile pictures for 1 unique authors...
2025-09-14 10:45:30 [INFO] Uploaded paulskallas_profile_20250914_104438.jpg to image server: https://burger-nation.freemyip.com:4611/2025-09-14/paulskallas_profile_20250914_104438.jpg
2025-09-14 10:45:30 [INFO] Downloaded profile picture for @paulskallas
2025-09-14 10:45:30 [INFO] Successfully downloaded and stored profile picture for @paulskallas
2025-09-14 10:45:32 [INFO] Email sent successfully to wmichael.cs@gmail.com
2025-09-14 10:45:32 [INFO] LindyMan newsletter sent with 1 posts!
2025-09-14 10:45:32 [INFO] All Twitter newsletters processed!
2025-09-14 10:45:32 [INFO] Newsletter processing complete!
